Determining if the pthread_create exist failed with the following output:
Change Dir: /home/korys/catkin_navib2/build/CMakeFiles/CMakeTmp

Run Build Command:"/usr/bin/make" "cmTC_054ca/fast"
/usr/bin/make -f CMakeFiles/cmTC_054ca.dir/build.make CMakeFiles/cmTC_054ca.dir/build
make[1]: Entering directory '/home/korys/catkin_navib2/build/CMakeFiles/CMakeTmp'
Building C object CMakeFiles/cmTC_054ca.dir/CheckSymbolExists.c.o
/usr/bin/cc     -o CMakeFiles/cmTC_054ca.dir/CheckSymbolExists.c.o   -c /home/korys/catkin_navib2/build/CMakeFiles/CMakeTmp/CheckSymbolExists.c
Linking C executable cmTC_054ca
/usr/bin/cmake -E cmake_link_script CMakeFiles/cmTC_054ca.dir/link.txt --verbose=1
/usr/bin/cc       CMakeFiles/cmTC_054ca.dir/CheckSymbolExists.c.o  -o cmTC_054ca -rdynamic 
CMakeFiles/cmTC_054ca.dir/CheckSymbolExists.c.o: In function `main':
CheckSymbolExists.c:(.text+0x16): undefined reference to `pthread_create'
collect2: error: ld returned 1 exit status
CMakeFiles/cmTC_054ca.dir/build.make:97: recipe for target 'cmTC_054ca' failed
make[1]: *** [cmTC_054ca] Error 1
make[1]: Leaving directory '/home/korys/catkin_navib2/build/CMakeFiles/CMakeTmp'
Makefile:126: recipe for target 'cmTC_054ca/fast' failed
make: *** [cmTC_054ca/fast] Error 2

File /home/korys/catkin_navib2/build/CMakeFiles/CMakeTmp/CheckSymbolExists.c:
/* */
#include <pthread.h>

int main(int argc, char** argv)
{
  (void)argv;
#ifndef pthread_create
  return ((int*)(&pthread_create))[argc];
#else
  (void)argc;
  return 0;
#endif
}

Determining if the function pthread_create exists in the pthreads failed with the following output:
Change Dir: /home/korys/catkin_navib2/build/CMakeFiles/CMakeTmp

Run Build Command:"/usr/bin/make" "cmTC_35128/fast"
/usr/bin/make -f CMakeFiles/cmTC_35128.dir/build.make CMakeFiles/cmTC_35128.dir/build
make[1]: Entering directory '/home/korys/catkin_navib2/build/CMakeFiles/CMakeTmp'
Building C object CMakeFiles/cmTC_35128.dir/CheckFunctionExists.c.o
/usr/bin/cc    -DCHECK_FUNCTION_EXISTS=pthread_create   -o CMakeFiles/cmTC_35128.dir/CheckFunctionExists.c.o   -c /usr/share/cmake-3.5/Modules/CheckFunctionExists.c
Linking C executable cmTC_35128
/usr/bin/cmake -E cmake_link_script CMakeFiles/cmTC_35128.dir/link.txt --verbose=1
/usr/bin/cc   -DCHECK_FUNCTION_EXISTS=pthread_create    CMakeFiles/cmTC_35128.dir/CheckFunctionExists.c.o  -o cmTC_35128 -rdynamic -lpthreads 
/usr/bin/ld: cannot find -lpthreads
collect2: error: ld returned 1 exit status
CMakeFiles/cmTC_35128.dir/build.make:97: recipe for target 'cmTC_35128' failed
make[1]: *** [cmTC_35128] Error 1
make[1]: Leaving directory '/home/korys/catkin_navib2/build/CMakeFiles/CMakeTmp'
Makefile:126: recipe for target 'cmTC_35128/fast' failed
make: *** [cmTC_35128/fast] Error 2


